This is METAFONT, Version 2.7182 (Web2C 7.4.5) (base=mf 2005.7.27)  29 AUG 2005 20:36
**\mode:=ljfour; mag:=1; nonstopmode; input ecsx1440
(/var/lib/texmf/source/jknappen/ec/ecsx1440.mf
(/usr/share/texmf/fonts/source/jknappen/ec/exbase.mf)
(/usr/share/texmf/fonts/source/jknappen/ec/ecsx.mf
(/usr/share/texmf/fonts/source/jknappen/ec/exroman.mf
 Ok (/usr/share/texmf/fonts/source/jknappen/ec/exaccess.mf
 Ok) (/usr/share/texmf/fonts/source/jknappen/ec/expseudo.mf
 Ok) (/usr/share/texmf/fonts/source/jknappen/ec/exruwest.mf
 Ok [192] [193] [194] [195] [196] [197] [198] [199] [200] [201] [202] [203]
[204] [205] [206] [207] [208] [209] [210] [211] [212] [213] [214] [215]
[216] [217] [218] [219] [220] [221] [222] [223])
(/usr/share/texmf/fonts/source/jknappen/ec/exrlwest.mf
 Ok [224] [225] [226] [227] [228] [229] [230] [231] [232] [233] [234] [235]
[236] [237] [238] [239] [240] [241] [242] [243] [244] [245] [246] [247]
[248] [249] [250] [251] [252] [253] [254] [255])
(/usr/share/texmf/fonts/source/jknappen/ec/exrueast.mf
 Ok [128] [129] [130] [131] [132] [133] [134] [135] [136] [137] [138] [139]
[140] [141] [142] [143] [144] [145] [146] [147] [148] [149] [150] [151]
[152] [153] [154] [155] [156] [157])
(/usr/share/texmf/fonts/source/jknappen/ec/exrleast.mf
 Ok [158] [160] [161] [162] [163] [164] [165] [166] [167] [168] [169] [170]
[171] [172] [173] [174] [175] [176] [177] [178] [179] [180] [181] [182]
[183] [184] [185] [186] [187] [188])
(/usr/share/texmf/fonts/source/jknappen/ec/exbraces.mf
 Ok [94] [126] [23] [40] [41] [60] [124] [62] [91] [93] [92] [123] [125]
[95] [127] [32]) (/usr/share/texmf/fonts/source/jknappen/ec/expunct.mf
 Ok [14]
! Interruption.
<to be read again> 
                   y
pos->...os width)";fi.fi(x(SUFFIX2)r-x(SUFFIX2)l,y
                                                  (SUFFIX2)r-y(SUFFIX2)l)=((...
l.45 ... pos2(if monospace: qvair else: stem fi,0)
                                                  ; pos3(qvair,0);
? 
! Emergency stop.
<to be read again> 
                   y
pos->...os width)";fi.fi(x(SUFFIX2)r-x(SUFFIX2)l,y
                                                  (SUFFIX2)r-y(SUFFIX2)l)=((...
l.45 ... pos2(if monospace: qvair else: stem fi,0)
                                                  ; pos3(qvair,0);
End of file on the terminal!

 
Here is how much of METAFONT's memory you used:
 598 strings out of 5326
 6617 string characters out of 70999
 45819 words of memory out of 1000001
 1472 symbolic tokens out of 9500
 12i,79n,0r,23p,236b stack positions out of 300i,300n,1000r,150p,200000b
 
(You used 45w,16h,8d,9i,0l,0k,0e,0p metric file positions
  out of 256w,16h,16d,64i,15000l,2500k,256e,60p)
Font metrics written on ecsx1440.tfm.
Output written on ecsx1440.600gf (141 characters, 38668 bytes).
